#
# There is insufficient memory for the Java Runtime Environment to continue.
# Native memory allocation (malloc) failed to allocate 1048576 bytes. Error detail: AllocateHeap
# Possible reasons:
#   The system is out of physical RAM or swap space
#   This process is running with CompressedOops enabled, and the Java Heap may be blocking the growth of the native heap
# Possible solutions:
#   Reduce memory load on the system
#   Increase physical memory or swap space
#   Check if swap backing store is full
#   Decrease Java heap size (-Xmx/-Xms)
#   Decrease number of Java threads
#   Decrease Java thread stack sizes (-Xss)
#   Set larger code cache with -XX:ReservedCodeCacheSize=
#   JVM is running with Zero Based Compressed Oops mode in which the Java heap is
#     placed in the first 32GB address space. The Java Heap base address is the
#     maximum limit for the native heap growth. Please use -XX:HeapBaseMinAddress
#     to set the Java Heap base and to place the Java Heap above 32GB virtual address.
# This output file may be truncated or incomplete.
#
#  Out of Memory Error (allocation.cpp:44), pid=34364, tid=28676
#
# JRE version:  (23.0.2+7) (build )
# Java VM: Java HotSpot(TM) 64-Bit Server VM (23.0.2+7-58, mixed mode, sharing, tiered, compressed oops, compressed class ptrs, g1 gc, windows-amd64)
# No core dump will be written. Minidumps are not enabled by default on client versions of Windows
#

---------------  S U M M A R Y ------------

Command Line: -Dapplication.home=C:\Program Files\Java\jdk-23 --add-modules=ALL-DEFAULT -Xms8m -Djdk.module.main=jdk.compiler jdk.compiler/com.sun.tools.javac.Main q7.java

Host: AMD Ryzen 7 7435HS                             , 16 cores, 15G,  Windows 11 , 64 bit Build 26100 (10.0.26100.7920)
Time: Fri May  1 19:43:41 2026 India Standard Time elapsed time: 1.091252 seconds (0d 0h 0m 1s)

---------------  T H R E A D  ---------------

Current thread (0x0000028b394c9800):  JavaThread "Unknown thread" [_thread_in_vm, id=28676, stack(0x000000cb54800000,0x000000cb54900000) (1024K)]

Stack: [0x000000cb54800000,0x000000cb54900000]
Native frames: (J=compiled Java code, j=interpreted, Vv=VM code, C=native code)
V  [jvm.dll+0x6e0b99]  (no source info available)
V  [jvm.dll+0x87e2b3]  (no source info available)
V  [jvm.dll+0x88073e]  (no source info available)
V  [jvm.dll+0x880e13]  (no source info available)
V  [jvm.dll+0x27b006]  (no source info available)
V  [jvm.dll+0xb6a17]  (no source info available)
V  [jvm.dll+0x3316a5]  (no source info available)
V  [jvm.dll+0x329761]  (no source info available)
V  [jvm.dll+0x8449a5]  (no source info available)
V  [jvm.dll+0x3b9a08]  (no source info available)
V  [jvm.dll+0x82d68c]  (no source info available)
V  [jvm.dll+0x454f2e]  (no source info available)
V  [jvm.dll+0x456db1]  (no source info available)
C  [jli.dll+0x52a3]  (no source info available)
C  [ucrtbase.dll+0x37b0]  (no source info available)
C  [KERNEL32.DLL+0x2e8d7]  (no source info available)
C  [ntdll.dll+0x8c48c]  (no source info available)

Lock stack of current Java thread (top to bottom):


---------------  P R O C E S S  ---------------

Threads class SMR info:
_java_thread_list=0x00007ffea2944618, length=0, elements={
}

Java Threads: ( => current thread )
Total: 0

Other Threads:
  0x0000028b3952feb0 WorkerThread "GC Thread#0"                     [id=20256, stack(0x000000cb54900000,0x000000cb54a00000) (1024K)]

[error occurred during error reporting (printing all threads), id 0xc0000005, EXCEPTION_ACCESS_VIOLATION (0xc0000005) at pc=0x00007ffea2086950]
VM state: not at safepoint (not fully initialized)

VM Mutex/Monitor currently owned by a thread:  ([mutex/lock_event])
[0x00007ffea29c4988] Heap_lock - owner thread: 0x0000028b394c9800

Heap address: 0x0000000702c00000, size: 4052 MB, Compressed Oops mode: Zero based, Oop shift amount: 3

CDS archive(s) mapped at: [0x0000000000000000-0x0000000000000000-0x0000000000000000), size 0, SharedBaseAddress: 0x0000000800000000, ArchiveRelocationMode: 1.
Narrow klass base: 0x0000000000000000, Narrow klass shift: 0, Narrow klass range: 0x0

GC Precious Log:
 CardTable entry size: 512
 Card Set container configuration: InlinePtr #cards 4 size 8 Array Of Cards #cards 16 size 48 Howl #buckets 8 coarsen threshold 3686 Howl Bitmap #cards 512 size 80 coarsen threshold 460 Card regions per heap region 1 cards per card region 4096

Heap:
 garbage-first heap   total reserved 4149248K, committed 0K, used 0K [0x0000000702c00000, 0x0000000800000000)
  region size 2048K, 0 young (0K), 0 survivors (0K)

[error occurred during error reporting (printing heap information), id 0xc0000005, EXCEPTION_ACCESS_VIOLATION (0xc0000005) at pc=0x00007ffea248c6a9]
GC Heap History (0 events):
No events

Dll operation events (1 events):
Event: 0.050 Loaded shared library C:\Program Files\Java\jdk-23\bin\java.dll

Deoptimization events (0 events):
No events

Classes loaded (0 events):
No events

Classes unloaded (0 events):
No events

Classes redefined (0 events):
No events

Internal exceptions (0 events):
No events

VM Operations (0 events):
No events

Memory protections (0 events):
No events

Nmethod flushes (0 events):
No events

Events (0 events):
No events


Dynamic libraries:
0x00007ff721070000 - 0x00007ff721078000 	C:\Program Files\Java\jdk-23\bin\javac.exe
0x00007fff1be20000 - 0x00007fff1c087000 	C:\WINDOWS\SYSTEM32\ntdll.dll
0x00007fff1ac60000 - 0x00007fff1ad29000 	C:\WINDOWS\System32\KERNEL32.DLL
0x00007fff197c0000 - 0x00007fff19bb1000 	C:\WINDOWS\System32\KERNELBASE.dll
0x00007fff19510000 - 0x00007fff1965b000 	C:\WINDOWS\System32\ucrtbase.dll
0x00007fff10e10000 - 0x00007fff10e27000 	C:\Program Files\Java\jdk-23\bin\jli.dll
0x00007fff0fb20000 - 0x00007fff0fb3b000 	C:\Program Files\Java\jdk-23\bin\VCRUNTIME140.dll
0x00007fff1a870000 - 0x00007fff1aa35000 	C:\WINDOWS\System32\USER32.dll
0x00007ffefc8c0000 - 0x00007ffefcb53000 	C:\WINDOWS\WinSxS\amd64_microsoft.windows.common-controls_6595b64144ccf1df_6.0.26100.8037_none_3e092faae333b53b\COMCTL32.dll
0x00007fff190a0000 - 0x00007fff190c7000 	C:\WINDOWS\System32\win32u.dll
0x00007fff19f20000 - 0x00007fff19fc9000 	C:\WINDOWS\System32\msvcrt.dll
0x00007fff1bb80000 - 0x00007fff1bbab000 	C:\WINDOWS\System32\GDI32.dll
0x00007fff18f70000 - 0x00007fff1909b000 	C:\WINDOWS\System32\gdi32full.dll
0x00007fff19710000 - 0x00007fff197b3000 	C:\WINDOWS\System32\msvcp_win.dll
0x00007fff1bbc0000 - 0x00007fff1bbf1000 	C:\WINDOWS\System32\IMM32.DLL
0x00007fff13a40000 - 0x00007fff13a4c000 	C:\Program Files\Java\jdk-23\bin\vcruntime140_1.dll
0x00007ffee9c60000 - 0x00007ffee9cee000 	C:\Program Files\Java\jdk-23\bin\msvcp140.dll
0x00007ffea1d50000 - 0x00007ffea2aa0000 	C:\Program Files\Java\jdk-23\bin\server\jvm.dll
0x00007fff19bc0000 - 0x00007fff19c7b000 	C:\WINDOWS\System32\ADVAPI32.dll
0x00007fff1b830000 - 0x00007fff1b8d7000 	C:\WINDOWS\System32\sechost.dll
0x00007fff19d90000 - 0x00007fff19ea8000 	C:\WINDOWS\System32\RPCRT4.dll
0x00007fff19d10000 - 0x00007fff19d84000 	C:\WINDOWS\System32\WS2_32.dll
0x00007fff0a120000 - 0x00007fff0a155000 	C:\WINDOWS\SYSTEM32\WINMM.dll
0x00007fff18560000 - 0x00007fff185be000 	C:\WINDOWS\SYSTEM32\POWRPROF.dll
0x00007fff11390000 - 0x00007fff1139b000 	C:\WINDOWS\SYSTEM32\VERSION.dll
0x00007fff18540000 - 0x00007fff18554000 	C:\WINDOWS\SYSTEM32\UMPDC.dll
0x00007fff17460000 - 0x00007fff1747b000 	C:\WINDOWS\SYSTEM32\kernel.appcore.dll
0x00007fff0fad0000 - 0x00007fff0fada000 	C:\Program Files\Java\jdk-23\bin\jimage.dll
0x00007fff167e0000 - 0x00007fff16a22000 	C:\WINDOWS\SYSTEM32\DBGHELP.DLL
0x00007fff1adb0000 - 0x00007fff1b132000 	C:\WINDOWS\System32\combase.dll
0x00007fff1b140000 - 0x00007fff1b217000 	C:\WINDOWS\System32\OLEAUT32.dll
0x00007ffefd830000 - 0x00007ffefd86b000 	C:\WINDOWS\SYSTEM32\dbgcore.DLL
0x00007fff19660000 - 0x00007fff19705000 	C:\WINDOWS\System32\bcryptPrimitives.dll
0x00007ffefcf80000 - 0x00007ffefcf9e000 	C:\Program Files\Java\jdk-23\bin\java.dll
0x00007fff1aac0000 - 0x00007fff1ac55000 	C:\WINDOWS\System32\ole32.dll
0x00007fff19fd0000 - 0x00007fff1a72f000 	C:\WINDOWS\System32\SHELL32.dll
0x00007fff19220000 - 0x00007fff1938a000 	C:\WINDOWS\System32\wintypes.dll

dbghelp: loaded successfully - version: 4.0.5 - missing functions: none
symbol engine: initialized successfully - sym options: 0x614 - pdb path: .;C:\Program Files\Java\jdk-23\bin;C:\WINDOWS\SYSTEM32;C:\WINDOWS\WinSxS\amd64_microsoft.windows.common-controls_6595b64144ccf1df_6.0.26100.8037_none_3e092faae333b53b;C:\Program Files\Java\jdk-23\bin\server

VM Arguments:
jvm_args: -Dapplication.home=C:\Program Files\Java\jdk-23 --add-modules=ALL-DEFAULT -Xms8m -Djdk.module.main=jdk.compiler 
java_command: jdk.compiler/com.sun.tools.javac.Main q7.java
java_class_path (initial): <not set>
Launcher Type: SUN_STANDARD

[Global flags]
     intx CICompilerCount                          = 12                                        {product} {ergonomic}
     uint ConcGCThreads                            = 3                                         {product} {ergonomic}
     uint G1ConcRefinementThreads                  = 13                                        {product} {ergonomic}
   size_t G1HeapRegionSize                         = 2097152                                   {product} {ergonomic}
   size_t InitialHeapSize                          = 8388608                                   {product} {command line}
   size_t MarkStackSize                            = 4194304                                   {product} {ergonomic}
   size_t MarkStackSizeMax                         = 536870912                                 {product} {ergonomic}
   size_t MaxHeapSize                              = 4248829952                                {product} {ergonomic}
   size_t MinHeapDeltaBytes                        = 2097152                                   {product} {ergonomic}
   size_t MinHeapSize                              = 8388608                                   {product} {command line}
    uintx NonNMethodCodeHeapSize                   = 7602176                                {pd product} {ergonomic}
    uintx NonProfiledCodeHeapSize                  = 122093568                              {pd product} {ergonomic}
    uintx ProfiledCodeHeapSize                     = 121962496                              {pd product} {ergonomic}
    uintx ReservedCodeCacheSize                    = 251658240                              {pd product} {ergonomic}
     bool SegmentedCodeCache                       = true                                      {product} {ergonomic}
   size_t SoftMaxHeapSize                          = 4248829952                             {manageable} {ergonomic}
     bool UseCompressedOops                        = true                           {product lp64_product} {ergonomic}
     bool UseG1GC                                  = true                                      {product} {ergonomic}
     bool UseLargePagesIndividualAllocation        = false                                  {pd product} {ergonomic}

Logging:
Log output configuration:
 #0: stdout all=warning uptime,level,tags foldmultilines=false
 #1: stderr all=off uptime,level,tags foldmultilines=false

Environment Variables:
PATH=C:\Users\Asus\AppData\Local\Programs\Microsoft VS Code;C:\Python314\Scripts\;C:\Python314\;C:\Program Files\Common Files\Oracle\Java\javapath;C:\WINDOWS\system32;C:\WINDOWS;C:\WINDOWS\System32\Wbem;C:\WINDOWS\System32\WindowsPowerShell\v1.0\;C:\WINDOWS\System32\OpenSSH\;C:\Program Files (x86)\NVIDIA Corporation\PhysX\Common;C:\Program Files\dotnet\;C:\Program Files\NVIDIA Corporation\NVIDIA app\NvDLISR;C:\Program Files\Git\cmd;C:\Program Files\nodejs\;C:\ProgramData\chocolatey\bin;C:\Users\Asus\AppData\Local\Microsoft\WindowsApps;C:\Users\Asus\AppData\Local\Programs\Microsoft VS Code\bin;C:\MinGW\bin;C:\Program Files\Java\jdk-23\bin;C:\Users\Asus\AppData\Roaming\npm;C:\Users\Asus\AppData\Local\lemonade_server\bin\
USERNAME=Asus
LANG=en_US.UTF-8
OS=Windows_NT
PROCESSOR_IDENTIFIER=AMD64 Family 25 Model 68 Stepping 1, AuthenticAMD
TMP=C:\Users\Asus\AppData\Local\Temp
TEMP=C:\Users\Asus\AppData\Local\Temp




Periodic native trim disabled

---------------  S Y S T E M  ---------------

OS:
 Windows 11 , 64 bit Build 26100 (10.0.26100.7920)
OS uptime: 19 days 22:02 hours
Hyper-V role detected

CPU: total 16 (initial active 16) (16 cores per cpu, 2 threads per core) family 25 model 68 stepping 1 microcode 0xa404107, cx8, cmov, fxsr, ht, mmx, 3dnowpref, sse, sse2, sse3, ssse3, sse4a, sse4.1, sse4.2, popcnt, lzcnt, tsc, tscinvbit, avx, avx2, aes, erms, clmul, bmi1, bmi2, adx, sha, fma, vzeroupper, clflush, clflushopt, hv, rdtscp, rdpid, fsrm, f16c, cet_ss
Processor Information for the first 16 processors :
  Max Mhz: 3100, Current Mhz: 2523, Mhz Limit: 3100

Memory: 4k page, system-wide physical 16202M (1631M free)
TotalPageFile size 24394M (AvailPageFile size 7M)
current process WorkingSet (physical memory assigned to process): 13M, peak: 13M
current process commit charge ("private bytes"): 67M, peak: 68M

vm_info: Java HotSpot(TM) 64-Bit Server VM (23.0.2+7-58) for windows-amd64 JRE (23.0.2+7-58), built on 2024-11-29T09:34:55Z with MS VC++ 17.6 (VS2022)

END.
